[2023-02-28 17:34:04,096] {taskinstance.py:1159} INFO - Dependencies all met for <TaskInstance: spotify_dag.whole_spotify_etl manual__2023-02-28T17:29:01.043956+00:00 [queued]>
[2023-02-28 17:34:04,112] {taskinstance.py:1159} INFO - Dependencies all met for <TaskInstance: spotify_dag.whole_spotify_etl manual__2023-02-28T17:29:01.043956+00:00 [queued]>
[2023-02-28 17:34:04,112] {taskinstance.py:1356} INFO - 
--------------------------------------------------------------------------------
[2023-02-28 17:34:04,112] {taskinstance.py:1357} INFO - Starting attempt 2 of 4
[2023-02-28 17:34:04,112] {taskinstance.py:1358} INFO - 
--------------------------------------------------------------------------------
[2023-02-28 17:34:04,130] {taskinstance.py:1377} INFO - Executing <Task(PythonOperator): whole_spotify_etl> on 2023-02-28 17:29:01.043956+00:00
[2023-02-28 17:34:04,137] {standard_task_runner.py:52} INFO - Started process 614 to run task
[2023-02-28 17:34:04,143] {standard_task_runner.py:79} INFO - Running: ['***', 'tasks', 'run', 'spotify_dag', 'whole_spotify_etl', 'manual__2023-02-28T17:29:01.043956+00:00', '--job-id', '3', '--raw', '--subdir', 'DAGS_FOLDER/spotify_dag.py', '--cfg-path', '/tmp/tmpe4dz8243', '--error-file', '/tmp/tmphstj5svb']
[2023-02-28 17:34:04,143] {standard_task_runner.py:80} INFO - Job 3: Subtask whole_spotify_etl
[2023-02-28 17:34:04,197] {task_command.py:369} INFO - Running <TaskInstance: spotify_dag.whole_spotify_etl manual__2023-02-28T17:29:01.043956+00:00 [running]> on host a332b28e3f9a
[2023-02-28 17:34:04,293] {taskinstance.py:1571} INFO - Exporting the following env vars:
AIRFLOW_CTX_DAG_EMAIL=foxkarasava55@gmail.com
AIRFLOW_CTX_DAG_OWNER=***
AIRFLOW_CTX_DAG_ID=spotify_dag
AIRFLOW_CTX_TASK_ID=whole_spotify_etl
AIRFLOW_CTX_EXECUTION_DATE=2023-02-28T17:29:01.043956+00:00
AIRFLOW_CTX_TRY_NUMBER=2
AIRFLOW_CTX_DAG_RUN_ID=manual__2023-02-28T17:29:01.043956+00:00
[2023-02-28 17:34:04,404] {taskinstance.py:1889} ERROR - Task failed with exception
Traceback (most recent call last):
  File "/home/airflow/.local/lib/python3.7/site-packages/airflow/operators/python.py", line 171, in execute
    return_value = self.execute_callable()
  File "/home/airflow/.local/lib/python3.7/site-packages/airflow/operators/python.py", line 189, in execute_callable
    return self.python_callable(*self.op_args, **self.op_kwargs)
  File "/opt/airflow/dags/Spotify_ETL.py", line 63, in run_spotify_etl
    for song in resource['items']:
KeyError: 'items'
[2023-02-28 17:34:04,422] {taskinstance.py:1400} INFO - Marking task as UP_FOR_RETRY. dag_id=spotify_dag, task_id=whole_spotify_etl, execution_date=20230228T172901, start_date=20230228T173404, end_date=20230228T173404
[2023-02-28 17:34:04,452] {logging_mixin.py:115} WARNING - /home/***/.local/lib/python3.7/site-packages/***/utils/email.py:115 PendingDeprecationWarning: Fetching SMTP credentials from configuration variables will be deprecated in a future release. Please set credentials using a connection instead.
[2023-02-28 17:34:04,453] {configuration.py:494} WARNING - section/key [smtp/smtp_user] not found in config
[2023-02-28 17:34:04,453] {email.py:224} INFO - Email alerting: attempt 1
[2023-02-28 17:34:04,460] {configuration.py:494} WARNING - section/key [smtp/smtp_user] not found in config
[2023-02-28 17:34:04,460] {email.py:224} INFO - Email alerting: attempt 1
[2023-02-28 17:34:04,460] {taskinstance.py:1944} ERROR - Failed to send email to: ['foxkarasava55@gmail.com']
Traceback (most recent call last):
  File "/home/airflow/.local/lib/python3.7/site-packages/airflow/models/taskinstance.py", line 1451, in _run_raw_task
    self._execute_task_with_callbacks(context, test_mode)
  File "/home/airflow/.local/lib/python3.7/site-packages/airflow/models/taskinstance.py", line 1598, in _execute_task_with_callbacks
    result = self._execute_task(context, task_orig)
  File "/home/airflow/.local/lib/python3.7/site-packages/airflow/models/taskinstance.py", line 1659, in _execute_task
    result = execute_callable(context=context)
  File "/home/airflow/.local/lib/python3.7/site-packages/airflow/operators/python.py", line 171, in execute
    return_value = self.execute_callable()
  File "/home/airflow/.local/lib/python3.7/site-packages/airflow/operators/python.py", line 189, in execute_callable
    return self.python_callable(*self.op_args, **self.op_kwargs)
  File "/opt/airflow/dags/Spotify_ETL.py", line 63, in run_spotify_etl
    for song in resource['items']:
KeyError: 'items'

During handling of the above exception, another exception occurred:

Traceback (most recent call last):
  File "/home/airflow/.local/lib/python3.7/site-packages/airflow/models/taskinstance.py", line 2316, in email_alert
    send_email(task.email, subject, html_content)
  File "/home/airflow/.local/lib/python3.7/site-packages/airflow/utils/email.py", line 71, in send_email
    **kwargs,
  File "/home/airflow/.local/lib/python3.7/site-packages/airflow/utils/email.py", line 115, in send_email_smtp
    send_mime_email(e_from=mail_from, e_to=recipients, mime_msg=msg, conn_id=conn_id, dryrun=dryrun)
  File "/home/airflow/.local/lib/python3.7/site-packages/airflow/utils/email.py", line 226, in send_mime_email
    smtp_conn = _get_smtp_connection(smtp_host, smtp_port, smtp_timeout, smtp_ssl)
  File "/home/airflow/.local/lib/python3.7/site-packages/airflow/utils/email.py", line 260, in _get_smtp_connection
    else smtplib.SMTP(host=host, port=port, timeout=timeout)
  File "/usr/local/lib/python3.7/smtplib.py", line 251, in __init__
    (code, msg) = self.connect(host, port)
  File "/usr/local/lib/python3.7/smtplib.py", line 336, in connect
    self.sock = self._get_socket(host, port, self.timeout)
  File "/usr/local/lib/python3.7/smtplib.py", line 307, in _get_socket
    self.source_address)
  File "/usr/local/lib/python3.7/socket.py", line 728, in create_connection
    raise err
  File "/usr/local/lib/python3.7/socket.py", line 716, in create_connection
    sock.connect(sa)
OSError: [Errno 99] Cannot assign requested address

During handling of the above exception, another exception occurred:

Traceback (most recent call last):
  File "/home/airflow/.local/lib/python3.7/site-packages/airflow/models/taskinstance.py", line 1942, in handle_failure
    self.email_alert(error, task)
  File "/home/airflow/.local/lib/python3.7/site-packages/airflow/models/taskinstance.py", line 2318, in email_alert
    send_email(task.email, subject, html_content_err)
  File "/home/airflow/.local/lib/python3.7/site-packages/airflow/utils/email.py", line 71, in send_email
    **kwargs,
  File "/home/airflow/.local/lib/python3.7/site-packages/airflow/utils/email.py", line 115, in send_email_smtp
    send_mime_email(e_from=mail_from, e_to=recipients, mime_msg=msg, conn_id=conn_id, dryrun=dryrun)
  File "/home/airflow/.local/lib/python3.7/site-packages/airflow/utils/email.py", line 226, in send_mime_email
    smtp_conn = _get_smtp_connection(smtp_host, smtp_port, smtp_timeout, smtp_ssl)
  File "/home/airflow/.local/lib/python3.7/site-packages/airflow/utils/email.py", line 260, in _get_smtp_connection
    else smtplib.SMTP(host=host, port=port, timeout=timeout)
  File "/usr/local/lib/python3.7/smtplib.py", line 251, in __init__
    (code, msg) = self.connect(host, port)
  File "/usr/local/lib/python3.7/smtplib.py", line 336, in connect
    self.sock = self._get_socket(host, port, self.timeout)
  File "/usr/local/lib/python3.7/smtplib.py", line 307, in _get_socket
    self.source_address)
  File "/usr/local/lib/python3.7/socket.py", line 728, in create_connection
    raise err
  File "/usr/local/lib/python3.7/socket.py", line 716, in create_connection
    sock.connect(sa)
OSError: [Errno 99] Cannot assign requested address
[2023-02-28 17:34:04,474] {standard_task_runner.py:97} ERROR - Failed to execute job 3 for task whole_spotify_etl ('items'; 614)
[2023-02-28 17:34:04,515] {local_task_job.py:156} INFO - Task exited with return code 1
[2023-02-28 17:34:04,579] {local_task_job.py:273} INFO - 0 downstream tasks scheduled from follow-on schedule check
